<?xml version="1.0" encoding="UTF-8"?>
<testng-results skipped="0" failed="0" total="1" passed="1">
  <reporter-output>
  </reporter-output>
  <suite name="Default suite" duration-ms="29858" started-at="2019-06-25T12:25:07Z" finished-at="2019-06-25T12:25:36Z">
    <groups>
    </groups>
    <test name="Default test" duration-ms="29858" started-at="2019-06-25T12:25:07Z" finished-at="2019-06-25T12:25:36Z">
      <class name="com.training.sanity.tests.EditProfile">
        <test-method status="PASS" signature="setUpBeforeClass()[pri:0, instance:com.training.sanity.tests.EditProfile@224edc67]" name="setUpBeforeClass" is-config="true" duration-ms="8176" started-at="2019-06-25T17:55:07Z" finished-at="2019-06-25T17:55:15Z">
          <reporter-output>
          </reporter-output>
        </test-method> <!-- setUpBeforeClass -->
        <test-method status="PASS" signature="validLoginTest()[pri:0, instance:com.training.sanity.tests.EditProfile@224edc67]" name="validLoginTest" duration-ms="19745" started-at="2019-06-25T17:55:15Z" finished-at="2019-06-25T17:55:34Z">
          <reporter-output>
          </reporter-output>
        </test-method> <!-- validLoginTest -->
        <test-method status="PASS" signature="tearDown()[pri:0, instance:com.training.sanity.tests.EditProfile@224edc67]" name="tearDown" is-config="true" duration-ms="1909" started-at="2019-06-25T17:55:34Z" finished-at="2019-06-25T17:55:36Z">
          <reporter-output>
          </reporter-output>
        </test-method> <!-- tearDown -->
      </class> <!-- com.training.sanity.tests.EditProfile -->
    </test> <!-- Default test -->
  </suite> <!-- Default suite -->
</testng-results>
